0 info it worked if it ends with ok
1 verbose cli [ '/usr/local/Cellar/node/7.5.0/bin/node',
1 verbose cli   '/usr/local/bin/npm',
1 verbose cli   'install',
1 verbose cli   'ruby',
1 verbose cli   '2.1.5' ]
2 info using npm@4.1.2
3 info using node@v7.5.0
4 silly loadCurrentTree Starting
5 silly install loadCurrentTree
6 silly install readLocalPackageData
7 silly fetchPackageMetaData ruby
8 silly fetchPackageMetaData 2.1.5
9 silly fetchNamedPackageData ruby
10 silly mapToRegistry name ruby
11 silly mapToRegistry using default registry
12 silly mapToRegistry registry https://registry.npmjs.org/
13 silly mapToRegistry data Result {
13 silly mapToRegistry   raw: 'ruby',
13 silly mapToRegistry   scope: null,
13 silly mapToRegistry   escapedName: 'ruby',
13 silly mapToRegistry   name: 'ruby',
13 silly mapToRegistry   rawSpec: '',
13 silly mapToRegistry   spec: 'latest',
13 silly mapToRegistry   type: 'tag' }
14 silly mapToRegistry uri https://registry.npmjs.org/ruby
15 silly fetchNamedPackageData 2.1.5
16 silly mapToRegistry name 2.1.5
17 silly mapToRegistry using default registry
18 silly mapToRegistry registry https://registry.npmjs.org/
19 silly mapToRegistry data Result {
19 silly mapToRegistry   raw: '2.1.5',
19 silly mapToRegistry   scope: null,
19 silly mapToRegistry   escapedName: '2.1.5',
19 silly mapToRegistry   name: '2.1.5',
19 silly mapToRegistry   rawSpec: '',
19 silly mapToRegistry   spec: 'latest',
19 silly mapToRegistry   type: 'tag' }
20 silly mapToRegistry uri https://registry.npmjs.org/2.1.5
21 verbose request uri https://registry.npmjs.org/ruby
22 verbose request no auth needed
23 info attempt registry request try #1 at 11:33:36 AM
24 verbose request id 21dfce8d674fa475
25 verbose etag W/"5742fc3d-3f17"
26 verbose lastModified Mon, 23 May 2016 12:49:01 GMT
27 http request GET https://registry.npmjs.org/ruby
28 verbose request uri https://registry.npmjs.org/2.1.5
29 verbose request no auth needed
30 info attempt registry request try #1 at 11:33:36 AM
31 http request GET https://registry.npmjs.org/2.1.5
32 http 304 https://registry.npmjs.org/ruby
33 verbose headers { date: 'Mon, 17 Jul 2017 17:33:36 GMT',
33 verbose headers   via: '1.1 varnish',
33 verbose headers   'cache-control': 'max-age=300',
33 verbose headers   etag: 'W/"5742fc3d-3f17"',
33 verbose headers   age: '0',
33 verbose headers   connection: 'keep-alive',
33 verbose headers   'x-served-by': 'cache-ord1726-ORD',
33 verbose headers   'x-cache': 'MISS',
33 verbose headers   'x-cache-hits': '0',
33 verbose headers   'x-timer': 'S1500312816.383974,VS0,VE20',
33 verbose headers   vary: 'Accept-Encoding, Accept' }
34 silly get cb [ 304,
34 silly get   { date: 'Mon, 17 Jul 2017 17:33:36 GMT',
34 silly get     via: '1.1 varnish',
34 silly get     'cache-control': 'max-age=300',
34 silly get     etag: 'W/"5742fc3d-3f17"',
34 silly get     age: '0',
34 silly get     connection: 'keep-alive',
34 silly get     'x-served-by': 'cache-ord1726-ORD',
34 silly get     'x-cache': 'MISS',
34 silly get     'x-cache-hits': '0',
34 silly get     'x-timer': 'S1500312816.383974,VS0,VE20',
34 silly get     vary: 'Accept-Encoding, Accept' } ]
35 verbose etag https://registry.npmjs.org/ruby from cache
36 verbose get saving ruby to /Users/sme/.npm/registry.npmjs.org/ruby/.cache.json
37 verbose correctMkdir /Users/sme/.npm correctMkdir not in flight; initializing
38 http 404 https://registry.npmjs.org/2.1.5
39 verbose headers { 'content-type': 'application/json',
39 verbose headers   'cache-control': 'max-age=0',
39 verbose headers   'content-length': '2',
39 verbose headers   'accept-ranges': 'bytes',
39 verbose headers   date: 'Mon, 17 Jul 2017 17:33:36 GMT',
39 verbose headers   via: '1.1 varnish',
39 verbose headers   age: '0',
39 verbose headers   connection: 'keep-alive',
39 verbose headers   'x-served-by': 'cache-ord1720-ORD',
39 verbose headers   'x-cache': 'MISS',
39 verbose headers   'x-cache-hits': '0',
39 verbose headers   'x-timer': 'S1500312816.383203,VS0,VE175',
39 verbose headers   vary: 'Accept-Encoding' }
40 silly get cb [ 404,
40 silly get   { 'content-type': 'application/json',
40 silly get     'cache-control': 'max-age=0',
40 silly get     'content-length': '2',
40 silly get     'accept-ranges': 'bytes',
40 silly get     date: 'Mon, 17 Jul 2017 17:33:36 GMT',
40 silly get     via: '1.1 varnish',
40 silly get     age: '0',
40 silly get     connection: 'keep-alive',
40 silly get     'x-served-by': 'cache-ord1720-ORD',
40 silly get     'x-cache': 'MISS',
40 silly get     'x-cache-hits': '0',
40 silly get     'x-timer': 'S1500312816.383203,VS0,VE175',
40 silly get     vary: 'Accept-Encoding' } ]
41 silly fetchPackageMetaData Error: Registry returned 404 for GET on https://registry.npmjs.org/2.1.5
41 silly fetchPackageMetaData     at makeError (/usr/local/lib/node_modules/npm/node_modules/npm-registry-client/lib/request.js:304:12)
41 silly fetchPackageMetaData     at CachingRegistryClient.<anonymous> (/usr/local/lib/node_modules/npm/node_modules/npm-registry-client/lib/request.js:282:14)
41 silly fetchPackageMetaData     at Request._callback (/usr/local/lib/node_modules/npm/node_modules/npm-registry-client/lib/request.js:212:14)
41 silly fetchPackageMetaData     at Request.self.callback (/usr/local/lib/node_modules/npm/node_modules/request/request.js:186:22)
41 silly fetchPackageMetaData     at emitTwo (events.js:106:13)
41 silly fetchPackageMetaData     at Request.emit (events.js:192:7)
41 silly fetchPackageMetaData     at Request.<anonymous> (/usr/local/lib/node_modules/npm/node_modules/request/request.js:1081:10)
41 silly fetchPackageMetaData     at emitOne (events.js:96:13)
41 silly fetchPackageMetaData     at Request.emit (events.js:189:7)
41 silly fetchPackageMetaData     at IncomingMessage.<anonymous> (/usr/local/lib/node_modules/npm/node_modules/request/request.js:1001:12)
41 silly fetchPackageMetaData  error for 2.1.5 { Error: Registry returned 404 for GET on https://registry.npmjs.org/2.1.5
41 silly fetchPackageMetaData     at makeError (/usr/local/lib/node_modules/npm/node_modules/npm-registry-client/lib/request.js:304:12)
41 silly fetchPackageMetaData     at CachingRegistryClient.<anonymous> (/usr/local/lib/node_modules/npm/node_modules/npm-registry-client/lib/request.js:282:14)
41 silly fetchPackageMetaData     at Request._callback (/usr/local/lib/node_modules/npm/node_modules/npm-registry-client/lib/request.js:212:14)
41 silly fetchPackageMetaData     at Request.self.callback (/usr/local/lib/node_modules/npm/node_modules/request/request.js:186:22)
41 silly fetchPackageMetaData     at emitTwo (events.js:106:13)
41 silly fetchPackageMetaData     at Request.emit (events.js:192:7)
41 silly fetchPackageMetaData     at Request.<anonymous> (/usr/local/lib/node_modules/npm/node_modules/request/request.js:1081:10)
41 silly fetchPackageMetaData     at emitOne (events.js:96:13)
41 silly fetchPackageMetaData     at Request.emit (events.js:189:7)
41 silly fetchPackageMetaData     at IncomingMessage.<anonymous> (/usr/local/lib/node_modules/npm/node_modules/request/request.js:1001:12) pkgid: '2.1.5', statusCode: 404, code: 'E404' }
42 silly rollbackFailedOptional Starting
43 silly rollbackFailedOptional Finishing
44 silly runTopLevelLifecycles Finishing
45 silly install printInstalled
46 verbose stack Error: Registry returned 404 for GET on https://registry.npmjs.org/2.1.5
46 verbose stack     at makeError (/usr/local/lib/node_modules/npm/node_modules/npm-registry-client/lib/request.js:304:12)
46 verbose stack     at CachingRegistryClient.<anonymous> (/usr/local/lib/node_modules/npm/node_modules/npm-registry-client/lib/request.js:282:14)
46 verbose stack     at Request._callback (/usr/local/lib/node_modules/npm/node_modules/npm-registry-client/lib/request.js:212:14)
46 verbose stack     at Request.self.callback (/usr/local/lib/node_modules/npm/node_modules/request/request.js:186:22)
46 verbose stack     at emitTwo (events.js:106:13)
46 verbose stack     at Request.emit (events.js:192:7)
46 verbose stack     at Request.<anonymous> (/usr/local/lib/node_modules/npm/node_modules/request/request.js:1081:10)
46 verbose stack     at emitOne (events.js:96:13)
46 verbose stack     at Request.emit (events.js:189:7)
46 verbose stack     at IncomingMessage.<anonymous> (/usr/local/lib/node_modules/npm/node_modules/request/request.js:1001:12)
47 verbose statusCode 404
48 verbose pkgid 2.1.5
49 verbose cwd /Users/sme/Documents/turing/mod4/projects/house-of-vars/openfoodnetwork
50 error Darwin 16.6.0
51 error argv "/usr/local/Cellar/node/7.5.0/bin/node" "/usr/local/bin/npm" "install" "ruby" "2.1.5"
52 error node v7.5.0
53 error npm  v4.1.2
54 error code E404
55 error 404 Registry returned 404 for GET on https://registry.npmjs.org/2.1.5
56 error 404
57 error 404 '2.1.5' is not in the npm registry.
58 error 404 You should bug the author to publish it (or use the name yourself!)
59 error 404 Note that you can also install from a
60 error 404 tarball, folder, http url, or git url.
61 verbose exit [ 1, true ]
